Determining if the pthread_create exist failed with the following output:
Change Dir: /home/al/Code/robot_hack_ws/build/CMakeFiles/CMakeTmp

Run Build Command:"/usr/bin/make" "cmTC_aaa59/fast"
/usr/bin/make -f CMakeFiles/cmTC_aaa59.dir/build.make CMakeFiles/cmTC_aaa59.dir/build
make[1]: Entering directory '/home/al/Code/robot_hack_ws/build/CMakeFiles/CMakeTmp'
Building C object CMakeFiles/cmTC_aaa59.dir/CheckSymbolExists.c.o
/usr/bin/cc    -o CMakeFiles/cmTC_aaa59.dir/CheckSymbolExists.c.o   -c /home/al/Code/robot_hack_ws/build/CMakeFiles/CMakeTmp/CheckSymbolExists.c
Linking C executable cmTC_aaa59
/usr/bin/cmake -E cmake_link_script CMakeFiles/cmTC_aaa59.dir/link.txt --verbose=1
/usr/bin/cc      -rdynamic CMakeFiles/cmTC_aaa59.dir/CheckSymbolExists.c.o  -o cmTC_aaa59 
CMakeFiles/cmTC_aaa59.dir/CheckSymbolExists.c.o: In function `main':
CheckSymbolExists.c:(.text+0x1b): undefined reference to `pthread_create'
collect2: error: ld returned 1 exit status
CMakeFiles/cmTC_aaa59.dir/build.make:97: recipe for target 'cmTC_aaa59' failed
make[1]: *** [cmTC_aaa59] Error 1
make[1]: Leaving directory '/home/al/Code/robot_hack_ws/build/CMakeFiles/CMakeTmp'
Makefile:126: recipe for target 'cmTC_aaa59/fast' failed
make: *** [cmTC_aaa59/fast] Error 2

File /home/al/Code/robot_hack_ws/build/CMakeFiles/CMakeTmp/CheckSymbolExists.c:
/* */
#include <pthread.h>

int main(int argc, char** argv)
{
  (void)argv;
#ifndef pthread_create
  return ((int*)(&pthread_create))[argc];
#else
  (void)argc;
  return 0;
#endif
}

Determining if the function pthread_create exists in the pthreads failed with the following output:
Change Dir: /home/al/Code/robot_hack_ws/build/CMakeFiles/CMakeTmp

Run Build Command:"/usr/bin/make" "cmTC_cd955/fast"
/usr/bin/make -f CMakeFiles/cmTC_cd955.dir/build.make CMakeFiles/cmTC_cd955.dir/build
make[1]: Entering directory '/home/al/Code/robot_hack_ws/build/CMakeFiles/CMakeTmp'
Building C object CMakeFiles/cmTC_cd955.dir/CheckFunctionExists.c.o
/usr/bin/cc   -DCHECK_FUNCTION_EXISTS=pthread_create   -o CMakeFiles/cmTC_cd955.dir/CheckFunctionExists.c.o   -c /usr/share/cmake-3.10/Modules/CheckFunctionExists.c
Linking C executable cmTC_cd955
/usr/bin/cmake -E cmake_link_script CMakeFiles/cmTC_cd955.dir/link.txt --verbose=1
/usr/bin/cc  -DCHECK_FUNCTION_EXISTS=pthread_create    -rdynamic CMakeFiles/cmTC_cd955.dir/CheckFunctionExists.c.o  -o cmTC_cd955 -lpthreads 
/usr/bin/ld: cannot find -lpthreads
collect2: error: ld returned 1 exit status
CMakeFiles/cmTC_cd955.dir/build.make:97: recipe for target 'cmTC_cd955' failed
make[1]: *** [cmTC_cd955] Error 1
make[1]: Leaving directory '/home/al/Code/robot_hack_ws/build/CMakeFiles/CMakeTmp'
Makefile:126: recipe for target 'cmTC_cd955/fast' failed
make: *** [cmTC_cd955/fast] Error 2


